

HI-TECH Software PIC LITE Macro Assembler V9.80a build 6850 
                                                                                               Fri Sep  2 22:54:12 2011

HI-TECH Software Omniscient Code Generator (Lite mode) build 6850
     1  0000                     opt subtitle "HI-TECH Software Omniscient Code Generator (Lite mode) build 6850"
     2                           
     3                           opt pagewidth 120
     4                           
     5                           	opt lm
     6                           
     7                           	processor	16F886
     8                           clrc	macro
     9                           	bcf	3,0
    10  0000                     	endm
    11                           clrz	macro
    12                           	bcf	3,2
    13  0000                     	endm
    14                           setc	macro
    15                           	bsf	3,0
    16  0000                     	endm
    17                           setz	macro
    18                           	bsf	3,2
    19  0000                     	endm
    20                           skipc	macro
    21                           	btfss	3,0
    22  0000                     	endm
    23                           skipz	macro
    24                           	btfss	3,2
    25  0000                     	endm
    26                           skipnc	macro
    27                           	btfsc	3,0
    28  0000                     	endm
    29                           skipnz	macro
    30                           	btfsc	3,2
    31  0000                     	endm
    32  0000                     indf	equ	0
    33  0000                     indf0	equ	0
    34  0002                     pc	equ	2
    35  0002                     pcl	equ	2
    36  0003                     status	equ	3
    37  0004                     fsr	equ	4
    38  0004                     fsr0	equ	4
    39  0001                     c	equ	1
    40  0000                     z	equ	0
    41  000A                     pclath	equ	10
    42                           # 33 "main.c"
    43                           	psect config,class=CONFIG,delta=2 ;#
    44                           # 33 "main.c"
    45  2007  3FF4               	dw 0x3FFC & 0x3FF7 & 0x3FFF & 0x3FFF & 0x3FFF & 0x3FFF ;#
    46                           	FNROOT	_main
    47                           	global	_OlimexMsg
    48                           psect	idataBANK0,class=CODE,space=0,delta=2
    49                           global __pidataBANK0
    50  07D8                     __pidataBANK0:
    51                           	file	"main.c"
    52                           	line	42
    53                           
    54                           ;initializer for _OlimexMsg
    55  07D8  3420               	retlw	020h
    56  07D9  3477               	retlw	077h
    57  07DA  3477               	retlw	077h
    58  07DB  3477               	retlw	077h
    59  07DC  342E               	retlw	02Eh
    60  07DD  346F               	retlw	06Fh
    61  07DE  346C               	retlw	06Ch
    62  07DF  3469               	retlw	069h
    63  07E0  346D               	retlw	06Dh
    64  07E1  3465               	retlw	065h
    65  07E2  3478               	retlw	078h
    66  07E3  342E               	retlw	02Eh
    67  07E4  3463               	retlw	063h
    68  07E5  346F               	retlw	06Fh
    69  07E6  346D               	retlw	06Dh
    70  07E7  3420               	retlw	020h
    71  07E8  3400               	retlw	0
    72                           	global	_dly
    73                           	global	_i
    74                           	global	_data
    75                           	global	_INTCON
    76  000B                     _INTCON	set	11
    77                           	global	_PORTC
    78  0007                     _PORTC	set	7
    79                           	global	_RA2
    80  002A                     _RA2	set	42
    81                           	global	_RA3
    82  002B                     _RA3	set	43
    83                           	global	_RA5
    84  002D                     _RA5	set	45
    85                           	global	_ADCON1
    86  009F                     _ADCON1	set	159
    87                           	global	_TRISC
    88  0087                     _TRISC	set	135
    89                           	global	_TRISA2
    90  042A                     _TRISA2	set	1066
    91                           	global	_TRISA3
    92  042B                     _TRISA3	set	1067
    93                           	global	_TRISA5
    94  042D                     _TRISA5	set	1069
    95                           	file	"/tmp/cgtDTGltg"
    96                           	line	#
    97                           psect cinit,class=CODE,delta=2
    98                           global start_initialization
    99  07E9                     start_initialization:
   100                           
   101                           psect	bssCOMMON,class=COMMON,space=1
   102                           global __pbssCOMMON
   103  0070                     __pbssCOMMON:
   104  0070                     _dly:
   105  0070                            ds      2
   106                           
   107  0072                     _i:
   108  0072                            ds      2
   109                           
   110  0074                     _data:
   111  0074                            ds      1
   112                           
   113                           psect	dataBANK0,class=BANK0,space=1
   114                           global __pdataBANK0
   115  0020                     __pdataBANK0:
   116                           	file	"main.c"
   117  0020                     _OlimexMsg:
   118  0020                            ds      17
   119                           
   120                           ; Clear objects allocated to COMMON
   121                           psect cinit,class=CODE,delta=2
   122  07E9  01F0               	clrf	((__pbssCOMMON)+0)&07Fh
   123  07EA  01F1               	clrf	((__pbssCOMMON)+1)&07Fh
   124  07EB  01F2               	clrf	((__pbssCOMMON)+2)&07Fh
   125  07EC  01F3               	clrf	((__pbssCOMMON)+3)&07Fh
   126  07ED  01F4               	clrf	((__pbssCOMMON)+4)&07Fh
   127                           global btemp
   128                           psect inittext,class=CODE,delta=2
   129                           global init_fetch,btemp
   130                           ;	Called with low address in FSR and high address in W
   131  07C7                     init_fetch:
   132  07C7  087E               	movf btemp,w
   133  07C8  008A               	movwf pclath
   134  07C9  087F               	movf btemp+1,w
   135  07CA  0082               	movwf pc
   136                           global init_ram
   137                           ;Called with:
   138                           ;	high address of idata address in btemp 
   139                           ;	low address of idata address in btemp+1 
   140                           ;	low address of data in FSR
   141                           ;	high address + 1 of data in btemp-1
   142  07CB                     init_ram:
   143  07CB  27C7  120A  118A   	fcall init_fetch
   144  07CE  0080               	movwf indf,f
   145  07CF  0A84               	incf fsr,f
   146  07D0  0804               	movf fsr,w
   147  07D1  067D               	xorwf btemp-1,w
   148  07D2  1903               	btfsc status,2
   149  07D3  3400               	retlw 0
   150  07D4  0AFF               	incf btemp+1,f
   151  07D5  1903               	btfsc status,2
   152  07D6  0AFE               	incf btemp,f
   153  07D7  2FCB               	goto init_ram
   154                           ; Initialize objects allocated to BANK0
   155                           psect cinit,class=CODE,delta=2
   156                           global init_ram, __pidataBANK0
   157  07EE  1383               	bcf	status, 7	;select IRP bank0
   158  07EF  3031               	movlw low(__pdataBANK0+17)
   159  07F0  00FD               	movwf btemp-1,f
   160  07F1  3007               	movlw high(__pidataBANK0)
   161  07F2  00FE               	movwf btemp,f
   162  07F3  30D8               	movlw low(__pidataBANK0)
   163  07F4  00FF               	movwf btemp+1,f
   164  07F5  3020               	movlw low(__pdataBANK0)
   165  07F6  0084               	movwf fsr,f
   166  07F7  120A  118A  27CB   	fcall init_ram
              120A  118A         
   167                           psect cinit,class=CODE,delta=2
   168                           global end_of_initialization
   169                           
   170                           ;End of C runtime variable initialization code
   171                           
   172  07FC                     end_of_initialization:
   173  07FC  0183               clrf status
   174  07FD  120A  118A  2FC4   ljmp _main	;jump to C main() function
   175                           psect	cstackCOMMON,class=COMMON,space=1
   176                           global __pcstackCOMMON
   177  0000                     __pcstackCOMMON:
   178                           	global	??_main
   179  0000                     ??_main:	; 0 bytes @ 0x0
   180                           	global	?_main
   181  0000                     ?_main:	; 2 bytes @ 0x0
   182 ;;Data sizes: Strings 0, constant 0, data 17, bss 5, persistent 0 stack 0
   183 ;;Auto spaces:   Size  Autos    Used
   184 ;; COMMON          14      0       5
   185 ;; BANK0           80      0      17
   186 ;; BANK1           80      0       0
   187 ;; BANK3           96      0       0
   188 ;; BANK2           96      0       0
   189                           
   190 ;;
   191 ;; Pointer list with targets:
   192                           
   193                           
   194                           
   195 ;;
   196 ;; Critical Paths under _main in COMMON
   197 ;;
   198 ;;   None.
   199 ;;
   200 ;; Critical Paths under _main in BANK0
   201 ;;
   202 ;;   None.
   203 ;;
   204 ;; Critical Paths under _main in BANK1
   205 ;;
   206 ;;   None.
   207 ;;
   208 ;; Critical Paths under _main in BANK3
   209 ;;
   210 ;;   None.
   211 ;;
   212 ;; Critical Paths under _main in BANK2
   213 ;;
   214 ;;   None.
   215                           
   216 ;;
   217 ;;Main: autosize = 0, tempsize = 0, incstack = 0, save=0
   218 ;;
   219                           
   220 ;;
   221 ;;Call Graph Tables:
   222 ;;
   223 ;; ---------------------------------------------------------------------------------
   224 ;; (Depth) Function   	        Calls       Base Space   Used Autos Params    Refs
   225 ;; ---------------------------------------------------------------------------------
   226 ;; (0) _main                                                 0     0      0       0
   227 ;; ---------------------------------------------------------------------------------
   228 ;; Estimated maximum stack depth 0
   229 ;; ---------------------------------------------------------------------------------
   230                           
   231 ;; Call Graph Graphs:
   232                           
   233 ;; _main (ROOT)
   234 ;;
   235                           
   236 ;; Address spaces:
   237                           
   238 ;;Name               Size   Autos  Total    Cost      Usage
   239 ;;BANK3               60      0       0       9        0.0%
   240 ;;BITBANK3            60      0       0       8        0.0%
   241 ;;SFR3                 0      0       0       4        0.0%
   242 ;;BITSFR3              0      0       0       4        0.0%
   243 ;;BANK2               60      0       0      11        0.0%
   244 ;;BITBANK2            60      0       0      10        0.0%
   245 ;;SFR2                 0      0       0       5        0.0%
   246 ;;BITSFR2              0      0       0       5        0.0%
   247 ;;SFR1                 0      0       0       2        0.0%
   248 ;;BITSFR1              0      0       0       2        0.0%
   249 ;;BANK1               50      0       0       7        0.0%
   250 ;;BITBANK1            50      0       0       6        0.0%
   251 ;;CODE                 0      0       0       0        0.0%
   252 ;;DATA                 0      0      16      12        0.0%
   253 ;;ABS                  0      0      16       3        0.0%
   254 ;;NULL                 0      0       0       0        0.0%
   255 ;;STACK                0      0       0       2        0.0%
   256 ;;BANK0               50      0      11       5       21.2%
   257 ;;BITBANK0            50      0       0       4        0.0%
   258 ;;SFR0                 0      0       0       1        0.0%
   259 ;;BITSFR0              0      0       0       1        0.0%
   260 ;;COMMON               E      0       5       1       35.7%
   261 ;;BITCOMMON            E      0       0       0        0.0%
   262 ;;EEDATA             100      0       0       0        0.0%
   263                           
   264                           	global	_main
   265                           psect	maintext,global,class=CODE,delta=2
   266                           global __pmaintext
   267  07C4                     __pmaintext:
   268                           
   269 ;; *************** function _main *****************
   270 ;; Defined at:
   271 ;;		line 167 in file "main.c"
   272 ;; Parameters:    Size  Location     Type
   273 ;;		None
   274 ;; Auto vars:     Size  Location     Type
   275 ;;		None
   276 ;; Return value:  Size  Location     Type
   277 ;;                  2  818[COMMON] int 
   278 ;; Registers used:
   279 ;;		None
   280 ;; Tracked objects:
   281 ;;		On entry : 17F/0
   282 ;;		On exit  : 0/0
   283 ;;		Unchanged: 0/0
   284 ;; Data sizes:     COMMON   BANK0   BANK1   BANK3   BANK2
   285 ;;      Params:         0       0       0       0       0
   286 ;;      Locals:         0       0       0       0       0
   287 ;;      Temps:          0       0       0       0       0
   288 ;;      Totals:         0       0       0       0       0
   289 ;;Total ram usage:        0 bytes
   290 ;; This function calls:
   291 ;;		Nothing
   292 ;; This function is called by:
   293 ;;		Startup code after reset
   294 ;; This function uses a non-reentrant model
   295 ;;
   296                           psect	maintext
   297                           	file	"main.c"
   298                           	line	167
   299                           	global	__size_of_main
   300  0003                     	__size_of_main	equ	__end_of_main-_main
   301                           	
   302  07C4                     _main:	
   303                           	opt	stack 8
   304                           ; Regs used in _main: []
   305                           	line	169
   306                           	
   307  07C4                     l1297:	
   308                           	line	170
   309                           ;main.c: 169: return 0;
   310                           ;	Return value of _main is never used
   311                           	
   312  07C4                     l819:	
   313                           	global	start
   314  07C4  120A  118A  2800   	ljmp	start
   315                           	opt stack 0
   316                           GLOBAL	__end_of_main
   317  07C7                     	__end_of_main:
   318 ;; =============== function _main ends ============
   319                           
   320                           	signat	_main,90
   321                           psect	maintext
   322                           	global	btemp
   323  007E                     	btemp set 07Eh
   324                           
   325                           	DABS	1,126,2	;btemp
   326                           	global	wtemp0
   327  007E                     	wtemp0 set btemp


HI-TECH Software PICC Macro Assembler V9.80a build 6850 
Symbol Table                                                                                   Fri Sep  2 22:54:12 2011

                   _i 0072                     pc 0002                    fsr 0004                   l819 07C4  
                 _RA2 002A                   _RA3 002B                   _RA5 002D                   _dly 0070  
                 indf 0000                  l1297 07C4                  _data 0074                  _main 07C4  
                btemp 007E                  start 0000                 ?_main 0000                 _PORTC 0007  
               _TRISC 0087                 pclath 000A                 status 0003                 wtemp0 007E  
        __end_of_main 07C7                ??_main 0000                _ADCON1 009F                _INTCON 000B  
              _TRISA2 042A                _TRISA3 042B                _TRISA5 042D        __pcstackCOMMON 0000  
        __pidataBANK0 07D8            __pmaintext 07C4  end_of_initialization 07FC               init_ram 07CB  
 start_initialization 07E9             _OlimexMsg 0020           __pdataBANK0 0020           __pbssCOMMON 0070  
           init_fetch 07C7         __size_of_main 0003  
